# JRE version: OpenJDK Runtime Environment Temurin-21.0.7+6 (21.0.7+6) (build 21.0.7+6-LTS)
# Java VM: OpenJDK 64-Bit Server VM Temurin-21.0.7+6 (21.0.7+6-LTS, mixed mode, emulated-client, sharing, tiered, compressed oops, compressed class ptrs, g1 gc, windows-amd64)
GC Precious Log:
 CardTable entry size: 512
 Card Set container configuration: InlinePtr #cards 5 size 8 Array Of Cards #cards 12 size 40 Howl #buckets 4 coarsen threshold 1843 Howl Bitmap #cards 512 size 80 coarsen threshold 460 Card regions per heap region 1 cards per card region 2048
 CPUs: 12 total, 12 available
 Memory: 7528M
 Large Page Support: Disabled
 NUMA Support: Disabled
 Compressed Oops: Enabled (32-bit)
 Heap Region Size: 1M
 Heap Min Capacity: 8M
 Heap Initial Capacity: 118M
 Heap Max Capacity: 1884M
 Pre-touch: Disabled
 Parallel Workers: 10
 Concurrent Workers: 3
 Concurrent Refinement Workers: 10
 Periodic GC: Disabled
Heap:
 garbage-first heap   total 70656K, used 24502K [0x000000008a400000, 0x0000000100000000)
  region size 1024K, 3 young (3072K), 3 survivors (3072K)
 Metaspace       used 34520K, committed 35136K, reserved 1114112K
  class space    used 4879K, committed 5120K, reserved 1048576K
GC Heap History (11 events):
Event: 0.515 GC heap before
{Heap before GC invocations=0 (full 0):
 garbage-first heap   total 120832K, used 24576K [0x000000008a400000, 0x0000000100000000)
  region size 1024K, 23 young (23552K), 0 survivors (0K)
 Metaspace       used 3680K, committed 3840K, reserved 1114112K
  class space    used 488K, committed 576K, reserved 1048576K
}
Event: 0.519 GC heap after
{Heap after GC invocations=1 (full 0):
 garbage-first heap   total 120832K, used 8498K [0x000000008a400000, 0x0000000100000000)
  region size 1024K, 3 young (3072K), 3 survivors (3072K)
 Metaspace       used 3680K, committed 3840K, reserved 1114112K
  class space    used 488K, committed 576K, reserved 1048576K
}
Event: 1.062 GC heap before
{Heap before GC invocations=1 (full 0):
 garbage-first heap   total 120832K, used 38194K [0x000000008a400000, 0x0000000100000000)
  region size 1024K, 32 young (32768K), 3 survivors (3072K)
 Metaspace       used 10571K, committed 10944K, reserved 1114112K
  class space    used 1506K, committed 1664K, reserved 1048576K
}
Event: 1.069 GC heap after
{Heap after GC invocations=2 (full 0):
 garbage-first heap   total 120832K, used 11263K [0x000000008a400000, 0x0000000100000000)
  region size 1024K, 3 young (3072K), 3 survivors (3072K)
 Metaspace       used 10571K, committed 10944K, reserved 1114112K
  class space    used 1506K, committed 1664K, reserved 1048576K
}
Event: 1.919 GC heap before
{Heap before GC invocations=2 (full 0):
 garbage-first heap   total 120832K, used 64511K [0x000000008a400000, 0x0000000100000000)
  region size 1024K, 57 young (58368K), 3 survivors (3072K)
 Metaspace       used 20642K, committed 21056K, reserved 1114112K
  class space    used 2824K, committed 3008K, reserved 1048576K
}
Event: 1.928 GC heap after
{Heap after GC invocations=3 (full 0):
 garbage-first heap   total 120832K, used 16456K [0x000000008a400000, 0x0000000100000000)
  region size 1024K, 8 young (8192K), 8 survivors (8192K)
 Metaspace       used 20642K, committed 21056K, reserved 1114112K
  class space    used 2824K, committed 3008K, reserved 1048576K
}
Event: 3.006 GC heap before
{Heap before GC invocations=4 (full 0):
 garbage-first heap   total 58368K, used 57416K [0x000000008a400000, 0x0000000100000000)
  region size 1024K, 48 young (49152K), 8 survivors (8192K)
 Metaspace       used 25129K, committed 25600K, reserved 1114112K
  class space    used 3559K, committed 3776K, reserved 1048576K
}
Event: 3.017 GC heap after
{Heap after GC invocations=5 (full 0):
 garbage-first heap   total 68608K, used 18903K [0x000000008a400000, 0x0000000100000000)
  region size 1024K, 3 young (3072K), 3 survivors (3072K)
 Metaspace       used 25129K, committed 25600K, reserved 1114112K
  class space    used 3559K, committed 3776K, reserved 1048576K
}
Event: 3.749 GC heap before
{Heap before GC invocations=5 (full 0):
 garbage-first heap   total 68608K, used 51671K [0x000000008a400000, 0x0000000100000000)
  region size 1024K, 35 young (35840K), 3 survivors (3072K)
 Metaspace       used 29296K, committed 29824K, reserved 1114112K
  class space    used 4221K, committed 4480K, reserved 1048576K
}
Event: 3.757 GC heap after
{Heap after GC invocations=6 (full 0):
 garbage-first heap   total 68608K, used 21871K [0x000000008a400000, 0x0000000100000000)
  region size 1024K, 4 young (4096K), 4 survivors (4096K)
 Metaspace       used 29296K, committed 29824K, reserved 1114112K
  class space    used 4221K, committed 4480K, reserved 1048576K
}
Event: 4.560 GC heap before
{Heap before GC invocations=6 (full 0):
 garbage-first heap   total 68608K, used 52591K [0x000000008a400000, 0x0000000100000000)
  region size 1024K, 35 young (35840K), 4 survivors (4096K)
 Metaspace       used 34520K, committed 35136K, reserved 1114112K
  class space    used 4879K, committed 5120K, reserved 1048576K
}

